[01m[K/home/progettista5u/aw_robotics/src/j_actuators/j_actuator_test/src/j_actuator_test.cpp:2:10:[m[K [01;31m[Kfatal error: [m[Kmoveit/move_group_interface/move_group_interface.h: No such file or directory
 #include [01;31m[K<moveit/move_group_interface/move_group_interface.h>[m[K
          [01;31m[K^~~~~~~~~~~~~~~~~~~~~~~~~~~~~~~~~~~~~~~~~~~~~~~~~~~~[m[K
compilation terminated.
make[2]: *** [CMakeFiles/j_actuator_test.dir/src/j_actuator_test.cpp.o] Error 1
make[1]: *** [CMakeFiles/j_actuator_test.dir/all] Error 2
make: *** [all] Error 2
