[ 50%] [32mBuilding CXX object CMakeFiles/j_actuator_test.dir/src/j_actuator_test.cpp.o[0m
In file included from [01m[K/opt/ros/melodic/include/moveit/robot_model/joint_model_group.h:41:0[m[K,
                 from [01m[K/opt/ros/melodic/include/moveit/robot_model/robot_model.h:47[m[K,
                 from [01m[K/opt/ros/melodic/include/moveit/robot_state/robot_state.h:41[m[K,
                 from [01m[K/opt/ros/melodic/include/moveit/move_group_interface/move_group_interface.h:42[m[K,
                 from [01m[K/home/progettista5u/aw_robotics/src/j_actuators/j_actuator_test/src/j_actuator_test.cpp:2[m[K:
[01m[K/opt/ros/melodic/include/moveit/robot_model/joint_model.h:47:10:[m[K [01;31m[Kfatal error: [m[KEigen/Geometry: No such file or directory
 #include [01;31m[K<Eigen/Geometry>[m[K
          [01;31m[K^~~~~~~~~~~~~~~~[m[K
compilation terminated.
CMakeFiles/j_actuator_test.dir/build.make:62: recipe for target 'CMakeFiles/j_actuator_test.dir/src/j_actuator_test.cpp.o' failed
make[2]: *** [CMakeFiles/j_actuator_test.dir/src/j_actuator_test.cpp.o] Error 1
CMakeFiles/Makefile2:67: recipe for target 'CMakeFiles/j_actuator_test.dir/all' failed
make[1]: *** [CMakeFiles/j_actuator_test.dir/all] Error 2
Makefile:140: recipe for target 'all' failed
make: *** [all] Error 2
